Removed Pin From Net: NetName=GND Pin=SW1-1
Removed Pin From Net: NetName=GND Pin=SW1-2
Removed Pin From Net: NetName=NetBT2_N Pin=SW1-5
Removed Pin From Net: NetName=NetBT1_N Pin=SW1-6
Removed Pin From Net: NetName=VBATT Pin=TP3-1
Removed Pin From Net: NetName=HVOUT Pin=TP4-1
Removed Member From Class: ClassName=AEM00941_harvesting Member=SW1
Removed Member From Class: ClassName=AEM00941_harvesting Member=TP6
Removed Member From Class: ClassName=AEM00941_harvesting Member=TP7
Change Component Designator: OldDesignator=C3 NewDesignator=C4
Change Component Designator: OldDesignator=C4 NewDesignator=C5
Change Component Designator: OldDesignator=C5 NewDesignator=C6
Change Component Designator: OldDesignator=C6 NewDesignator=C3
Change Component Designator: OldDesignator=TP5 NewDesignator=TP3
Change Component Designator: OldDesignator=TP6 NewDesignator=TP4
Change Component Designator: OldDesignator=TP7 NewDesignator=TP5
Added Component: Designator=R13(RESC1005X40X25ML05T10)
Add component (AddParameter): Name = "Case/Package"; Value = "0402"; VariantName = "[No Variations]"
Add component (AddParameter): Name = "Max Operating Temperature"; Value = "155°C"; VariantName = "[No Variations]"
Add component (AddParameter): Name = "Min Operating Temperature"; Value = "-55°C"; VariantName = "[No Variations]"
Add component (AddParameter): Name = "Mounting Technology"; Value = "SM"; VariantName = "[No Variations]"
Add component (AddParameter): Name = "Pins"; Value = "2"; VariantName = "[No Variations]"
Add component (AddParameter): Name = "Power"; Value = "63mW"; VariantName = "[No Variations]"
Add component (AddParameter): Name = "RoHS Compliant"; Value = "True"; VariantName = "[No Variations]"
Add component (AddParameter): Name = "Tolerance"; Value = ""; VariantName = "[No Variations]"
Add component (AddParameter): Name = "Value"; Value = "0"; VariantName = "[No Variations]"
Add component (AddParameter): Name = "Voltage Rating"; Value = "50V"; VariantName = "[No Variations]"
Added Component: Designator=R14(RESC1005X40X25ML05T10)
Add component (AddParameter): Name = "Case/Package"; Value = "0402"; VariantName = "[No Variations]"
Add component (AddParameter): Name = "Max Operating Temperature"; Value = "155°C"; VariantName = "[No Variations]"
Add component (AddParameter): Name = "Min Operating Temperature"; Value = "-55°C"; VariantName = "[No Variations]"
Add component (AddParameter): Name = "Mounting Technology"; Value = "SM"; VariantName = "[No Variations]"
Add component (AddParameter): Name = "Pins"; Value = "2"; VariantName = "[No Variations]"
Add component (AddParameter): Name = "Power"; Value = "63mW"; VariantName = "[No Variations]"
Add component (AddParameter): Name = "RoHS Compliant"; Value = "True"; VariantName = "[No Variations]"
Add component (AddParameter): Name = "Tolerance"; Value = ""; VariantName = "[No Variations]"
Add component (AddParameter): Name = "Value"; Value = "0"; VariantName = "[No Variations]"
Add component (AddParameter): Name = "Voltage Rating"; Value = "50V"; VariantName = "[No Variations]"
Added Pin To Net: NetName=NetBT1_N Pin=R13-1
Added Pin To Net: NetName=GND Pin=R13-2
Added Pin To Net: NetName=NetBT2_N Pin=R14-1
Added Pin To Net: NetName=GND Pin=R14-2
Added Member To Class: ClassName=AEM00941_harvesting Member=Component R13 Resistor 0R 0402 63 mW
Added Member To Class: ClassName=AEM00941_harvesting Member=Component R14 Resistor 0R 0402 63 mW
