Removed Pin From Net: NetName=V_IN Pin=C6-1
Removed Pin From Net: NetName=GND Pin=C6-2
Removed Pin From Net: NetName=V_IN Pin=C7-1
Removed Pin From Net: NetName=GND Pin=C7-2
Removed Pin From Net: NetName=VBATT Pin=C8-1
Removed Pin From Net: NetName=GND Pin=C8-2
Removed Member From Class: ClassName=AEM00941_harvesting Member=C6
Removed Member From Class: ClassName=AEM00941_harvesting Member=C7
Removed Member From Class: ClassName=AEM00941_harvesting Member=C8
Change Component Comment : Designator=L2 Old Comment=10uH New Comment=10µH
Change Component Comment : Designator=L1 Old Comment=22uH New Comment=22µH
Change component parameters: Designator = "C2" ("C2"); Footprint = "CAPC0603(1608)100_L"; UniqueID = "\DLDFUZZM" ("\DLDFUZZM")
Change component parameters (AddParameter): Name = "Capacitor Type"; Value = ""; VariantName = "[No Variations]"
Change component parameters (AddParameter): Name = "Case/Package"; Value = "0603"; VariantName = "[No Variations]"
Change component parameters (AddParameter): Name = "Max Operating Temperature"; Value = "85°C"; VariantName = "[No Variations]"
Change component parameters (AddParameter): Name = "Min Operating Temperature"; Value = "-55°C"; VariantName = "[No Variations]"
Change component parameters (AddParameter): Name = "Mounting Technology"; Value = "SMT"; VariantName = "[No Variations]"
Change component parameters (AddParameter): Name = "Pins"; Value = "2"; VariantName = "[No Variations]"
Change component parameters (AddParameter): Name = "Ripple Current"; Value = ""; VariantName = "[No Variations]"
Change component parameters (AddParameter): Name = "Ripple Current (AC)"; Value = ""; VariantName = "[No Variations]"
Change component parameters (AddParameter): Name = "RoHS Compliant"; Value = ""; VariantName = "[No Variations]"
Change component parameters (AddParameter): Name = "Tolerance"; Value = "10%"; VariantName = "[No Variations]"
Change component parameters (AddParameter): Name = "Value"; Value = "22µF"; VariantName = "[No Variations]"
Change component parameters (AddParameter): Name = "Voltage Rating"; Value = "10V"; VariantName = "[No Variations]"
Added Component: Designator=C?(CAPC0805(2012)145_L)
Add component (AddParameter): Name = "Capacitor Type"; Value = ""; VariantName = "[No Variations]"
Add component (AddParameter): Name = "Case/Package"; Value = "0805"; VariantName = "[No Variations]"
Add component (AddParameter): Name = "Max Operating Temperature"; Value = "85°C"; VariantName = "[No Variations]"
Add component (AddParameter): Name = "Min Operating Temperature"; Value = "-55°C"; VariantName = "[No Variations]"
Add component (AddParameter): Name = "Mounting Technology"; Value = "SMT"; VariantName = "[No Variations]"
Add component (AddParameter): Name = "Pins"; Value = "2"; VariantName = "[No Variations]"
Add component (AddParameter): Name = "Ripple Current"; Value = ""; VariantName = "[No Variations]"
Add component (AddParameter): Name = "Ripple Current (AC)"; Value = ""; VariantName = "[No Variations]"
Add component (AddParameter): Name = "RoHS Compliant"; Value = ""; VariantName = "[No Variations]"
Add component (AddParameter): Name = "Tolerance"; Value = "10%"; VariantName = "[No Variations]"
Add component (AddParameter): Name = "Value"; Value = "150µF"; VariantName = "[No Variations]"
Add component (AddParameter): Name = "Voltage Rating"; Value = "6.3V"; VariantName = "[No Variations]"
Added Pin To Net: NetName=VBATT Pin=C?-1
Added Pin To Net: NetName=GND Pin=C?-2
Added Member To Class: ClassName=AEM00941_harvesting Member=Component C? Capacitor 100µF +/-20% 6.3V 0805
