Importer Log Report
Document: C:\Users\Public\Documents\Altium\energy_harvesting_board\kicad\energy_harvesting_board-backups\energy_harvesting_board-2025-06-04_195651\energy_harvesting_board.kicad_sch
    Section : Loading Schematic - C:\Users\Public\Documents\Altium\energy_harvesting_board\kicad\energy_harvesting_board-backups\energy_harvesting_board-2025-06-04_195651\energy_harvesting_board.kicad_sch
        Warning: Unknown child generator_version of kicad_sch.
        Warning: Unknown child exclude_from_sim of sheet.
        Warning: Unknown child in_bom of sheet.
        Warning: Unknown child on_board of sheet.
        Warning: Unknown child dnp of sheet.
        Warning: Unknown child embedded_fonts of kicad_sch.
    EndSection
    Section : Loading Schematic - C:/Users/Public/Documents/Altium/energy_harvesting_board/AEM00941_harvesting.SchDoc
        Error: 'kicad_sch' node not found in document: C:/Users/Public/Documents/Altium/energy_harvesting_board/AEM00941_harvesting.SchDoc
        Error: Can't read KiCad schematc 'energy_harvesting_board.kicad_sch' sub-sheet file 'C:/Users/Public/Documents/Altium/energy_harvesting_board/AEM00941_harvesting.SchDoc'
    EndSection
    Section : Loading Schematic - C:\Users\Public\Documents\Altium\energy_harvesting_board\kicad\energy_harvesting_board-backups\energy_harvesting_board-2025-06-04_195651\energy_harvesting_board.kicad_sch
        Warning: Unknown child generator_version of kicad_sch.
        Warning: Unknown child exclude_from_sim of sheet.
        Warning: Unknown child in_bom of sheet.
        Warning: Unknown child on_board of sheet.
        Warning: Unknown child dnp of sheet.
        Warning: Unknown child embedded_fonts of kicad_sch.
    EndSection
    Section : Loading Schematic - C:/Users/Public/Documents/Altium/energy_harvesting_board/AEM00941_harvesting.SchDoc
        Error: 'kicad_sch' node not found in document: C:/Users/Public/Documents/Altium/energy_harvesting_board/AEM00941_harvesting.SchDoc
        Error: Can't read KiCad schematc 'energy_harvesting_board.kicad_sch' sub-sheet file 'C:/Users/Public/Documents/Altium/energy_harvesting_board/AEM00941_harvesting.SchDoc'
    EndSection
